2022-04-30 09:03:18,953 [Worker-6: Loading available Gradle versions] INFO  o.e.b.c.i.u.g.PublishedGradleVersions - Gradle version information cache is out-of-date. Trying to update.
2022-05-05 07:50:37,535 [Worker-6: Loading available Gradle versions] INFO  o.e.b.c.i.u.g.PublishedGradleVersions - Gradle version information cache is out-of-date. Trying to update.
2022-05-05 07:55:51,086 [Worker-11: Importing Maven projects] INFO  o.e.m.c.i.l.LifecycleMappingFactory - Using org.eclipse.m2e.jdt.JarLifecycleMapping lifecycle mapping for MavenProject: com.stuko.wayd:wayd-new-container-telegram-bot:0.0.1-SNAPSHOT @ C:\Users\stuko\git-all-install\git-duna\wayd-new-container-telegram-bot\pom.xml.
2022-05-05 07:56:14,125 [Worker-11: Importing Maven projects] INFO  o.e.m.j.i.AbstractJavaProjectConfigurator - Adding source folder /wayd-new-container-telegram-bot/src/main/java
2022-05-05 07:56:14,128 [Worker-11: Importing Maven projects] INFO  o.e.m.j.i.AbstractJavaProjectConfigurator - Adding source folder /wayd-new-container-telegram-bot/src/test/java
2022-05-05 07:56:16,716 [Worker-11: Importing Maven projects] INFO  o.e.m.c.i.p.ProjectConfigurationManager - Imported and configured 1 project(s) in 35 sec
2022-05-05 07:56:24,687 [Worker-10: Building workspace] INFO  o.e.m.c.i.embedder.EclipseLogger - Using 'UTF-8' encoding to copy filtered resources.
2022-05-05 07:56:24,688 [Worker-10: Building workspace] INFO  o.e.m.c.i.embedder.EclipseLogger - skip non existing resourceDirectory C:\Users\stuko\git-all-install\git-duna\wayd-new-container-telegram-bot\src\main\resources
2022-05-05 07:56:24,692 [Worker-10: Building workspace] INFO  o.e.m.c.i.embedder.EclipseLogger - Not copying test resources
2022-05-05 07:56:24,705 [Worker-10: Building workspace] INFO  o.e.m.c.i.embedder.EclipseLogger - Using 'UTF-8' encoding to copy filtered resources.
2022-05-05 08:04:23,204 [Worker-10: Building workspace] INFO  o.e.m.c.i.embedder.EclipseLogger - Copying 88 resources
2022-05-05 08:04:23,340 [Worker-10: Building workspace] INFO  o.e.m.c.i.embedder.EclipseLogger - Using 'UTF-8' encoding to copy filtered resources.
2022-05-05 08:04:23,349 [Worker-10: Building workspace] INFO  o.e.m.c.i.embedder.EclipseLogger - Copying 149 resources
2022-05-05 08:04:23,539 [Worker-10: Building workspace] INFO  o.e.m.c.i.embedder.EclipseLogger - Using 'UTF-8' encoding to copy filtered resources.
2022-05-05 08:11:17,925 [Worker-10: Building workspace] INFO  o.e.m.c.i.embedder.EclipseLogger - Copying 2 resources
2022-05-11 20:39:29,763 [Worker-6: Loading available Gradle versions] INFO  o.e.b.c.i.u.g.PublishedGradleVersions - Gradle version information cache is out-of-date. Trying to update.
2022-05-11 20:48:39,370 [Worker-1: Importing Maven projects] INFO  o.e.m.c.i.l.LifecycleMappingFactory - Using org.eclipse.m2e.jdt.JarLifecycleMapping lifecycle mapping for MavenProject: com.stuko.trinity:trinity-boot-core:0.0.1-SNAPSHOT @ C:\Users\stuko\git-all-install\git-duna\trinity-new-boot-core\pom.xml.
2022-05-11 20:49:16,685 [Worker-1: Importing Maven projects] WARN  o.e.m.c.i.embedder.EclipseLogger - The artifact bsh:bsh:jar:2.0b4 has been relocated to org.beanshell:bsh:jar:2.0b4
2022-05-11 20:49:31,379 [Worker-15: Download sources and javadoc] WARN  o.e.m.c.i.embedder.EclipseLogger - The artifact bsh:bsh:jar:2.0b4 has been relocated to org.beanshell:bsh:jar:2.0b4
2022-05-11 20:49:35,524 [Worker-15: Download sources and javadoc] INFO  o.e.m.c.i.e.AbstractTransferListenerAdapter - Downloaded https://github.com/stuko/wayd/raw/master/snapshots/com/stuko/wayd/wayd-new-base/0.0.1/wayd-new-base-0.0.1-sources.jar
2022-05-11 20:49:35,658 [Worker-15: Download sources and javadoc] ERROR o.e.m.j.internal.DownloadSourcesJob - Could not download sources for com.stuko.wayd:wayd-new-base:0.0.1
org.eclipse.core.runtime.CoreException: Could not resolve artifact com.stuko.wayd:wayd-new-base:jar:sources:0.0.1
	at org.eclipse.m2e.core.internal.embedder.MavenImpl.lambda$4(MavenImpl.java:763) [org.eclipse.m2e.core_1.10.0.20181127-2120.jar:na]
	at org.eclipse.m2e.core.internal.embedder.MavenExecutionContext.executeBare(MavenExecutionContext.java:177) [org.eclipse.m2e.core_1.10.0.20181127-2120.jar:na]
	at org.eclipse.m2e.core.internal.embedder.MavenExecutionContext.execute(MavenExecutionContext.java:112) [org.eclipse.m2e.core_1.10.0.20181127-2120.jar:na]
	at org.eclipse.m2e.core.internal.embedder.MavenExecutionContext.execute(MavenExecutionContext.java:99) [org.eclipse.m2e.core_1.10.0.20181127-2120.jar:na]
	at org.eclipse.m2e.core.internal.embedder.MavenImpl.resolve(MavenImpl.java:731) [org.eclipse.m2e.core_1.10.0.20181127-2120.jar:na]
	at org.eclipse.m2e.core.internal.embedder.MavenImpl.resolve(MavenImpl.java:708) [org.eclipse.m2e.core_1.10.0.20181127-2120.jar:na]
	at org.eclipse.m2e.jdt.internal.DownloadSourcesJob.download(DownloadSourcesJob.java:279) [org.eclipse.m2e.jdt_1.10.0.20181127-2120.jar:na]
	at org.eclipse.m2e.jdt.internal.DownloadSourcesJob.downloadAttachments(DownloadSourcesJob.java:254) [org.eclipse.m2e.jdt_1.10.0.20181127-2120.jar:na]
	at org.eclipse.m2e.jdt.internal.DownloadSourcesJob.downloadMaven(DownloadSourcesJob.java:221) [org.eclipse.m2e.jdt_1.10.0.20181127-2120.jar:na]
	at org.eclipse.m2e.jdt.internal.DownloadSourcesJob.run(DownloadSourcesJob.java:161) [org.eclipse.m2e.jdt_1.10.0.20181127-2120.jar:na]
	at org.eclipse.m2e.jdt.internal.DownloadSourcesJob$1.call(DownloadSourcesJob.java:137) [org.eclipse.m2e.jdt_1.10.0.20181127-2120.jar:na]
	at org.eclipse.m2e.jdt.internal.DownloadSourcesJob$1.call(DownloadSourcesJob.java:1) [org.eclipse.m2e.jdt_1.10.0.20181127-2120.jar:na]
	at org.eclipse.m2e.core.internal.embedder.MavenExecutionContext.executeBare(MavenExecutionContext.java:177) [org.eclipse.m2e.core_1.10.0.20181127-2120.jar:na]
	at org.eclipse.m2e.core.internal.embedder.MavenExecutionContext.execute(MavenExecutionContext.java:151) [org.eclipse.m2e.core_1.10.0.20181127-2120.jar:na]
	at org.eclipse.m2e.core.internal.embedder.MavenExecutionContext.execute(MavenExecutionContext.java:99) [org.eclipse.m2e.core_1.10.0.20181127-2120.jar:na]
	at org.eclipse.m2e.core.internal.embedder.MavenImpl.execute(MavenImpl.java:1336) [org.eclipse.m2e.core_1.10.0.20181127-2120.jar:na]
	at org.eclipse.m2e.jdt.internal.DownloadSourcesJob.run(DownloadSourcesJob.java:135) [org.eclipse.m2e.jdt_1.10.0.20181127-2120.jar:na]
	at org.eclipse.core.internal.jobs.Worker.run(Worker.java:63) [org.eclipse.core.jobs_3.10.200.v20180912-1356.jar:na]
2022-05-11 20:49:50,912 [Worker-1: Importing Maven projects] INFO  o.e.m.j.i.AbstractJavaProjectConfigurator - Adding source folder /trinity-boot-core/Users/stuko/git-all-install/git-duna/trinity-new-boot-core
2022-05-11 20:49:50,921 [Worker-1: Importing Maven projects] INFO  o.e.m.j.i.AbstractJavaProjectConfigurator - Adding resource folder /trinity-boot-core/SPRING-META-INF
2022-05-11 20:49:50,929 [Worker-1: Importing Maven projects] INFO  o.e.m.j.i.AbstractJavaProjectConfigurator - Adding source folder /trinity-boot-core/src/test/java
2022-05-11 20:49:54,812 [Worker-2: Download sources and javadoc] INFO  o.e.m.c.i.e.AbstractTransferListenerAdapter - Downloaded https://github.com/stuko/wayd/raw/master/snapshots/com/stuko/wayd/wayd-new-base/0.0.1/wayd-new-base-0.0.1-javadoc.jar
2022-05-11 20:49:54,896 [Worker-2: Download sources and javadoc] ERROR o.e.m.j.internal.DownloadSourcesJob - Could not download javadoc for com.stuko.wayd:wayd-new-base:0.0.1
org.eclipse.core.runtime.CoreException: Could not resolve artifact com.stuko.wayd:wayd-new-base:jar:javadoc:0.0.1
	at org.eclipse.m2e.core.internal.embedder.MavenImpl.lambda$4(MavenImpl.java:763) [org.eclipse.m2e.core_1.10.0.20181127-2120.jar:na]
	at org.eclipse.m2e.core.internal.embedder.MavenExecutionContext.executeBare(MavenExecutionContext.java:177) [org.eclipse.m2e.core_1.10.0.20181127-2120.jar:na]
	at org.eclipse.m2e.core.internal.embedder.MavenExecutionContext.execute(MavenExecutionContext.java:112) [org.eclipse.m2e.core_1.10.0.20181127-2120.jar:na]
	at org.eclipse.m2e.core.internal.embedder.MavenExecutionContext.execute(MavenExecutionContext.java:99) [org.eclipse.m2e.core_1.10.0.20181127-2120.jar:na]
	at org.eclipse.m2e.core.internal.embedder.MavenImpl.resolve(MavenImpl.java:731) [org.eclipse.m2e.core_1.10.0.20181127-2120.jar:na]
	at org.eclipse.m2e.core.internal.embedder.MavenImpl.resolve(MavenImpl.java:708) [org.eclipse.m2e.core_1.10.0.20181127-2120.jar:na]
	at org.eclipse.m2e.jdt.internal.DownloadSourcesJob.download(DownloadSourcesJob.java:279) [org.eclipse.m2e.jdt_1.10.0.20181127-2120.jar:na]
	at org.eclipse.m2e.jdt.internal.DownloadSourcesJob.downloadAttachments(DownloadSourcesJob.java:265) [org.eclipse.m2e.jdt_1.10.0.20181127-2120.jar:na]
	at org.eclipse.m2e.jdt.internal.DownloadSourcesJob.downloadMaven(DownloadSourcesJob.java:221) [org.eclipse.m2e.jdt_1.10.0.20181127-2120.jar:na]
	at org.eclipse.m2e.jdt.internal.DownloadSourcesJob.run(DownloadSourcesJob.java:161) [org.eclipse.m2e.jdt_1.10.0.20181127-2120.jar:na]
	at org.eclipse.m2e.jdt.internal.DownloadSourcesJob$1.call(DownloadSourcesJob.java:137) [org.eclipse.m2e.jdt_1.10.0.20181127-2120.jar:na]
	at org.eclipse.m2e.jdt.internal.DownloadSourcesJob$1.call(DownloadSourcesJob.java:1) [org.eclipse.m2e.jdt_1.10.0.20181127-2120.jar:na]
	at org.eclipse.m2e.core.internal.embedder.MavenExecutionContext.executeBare(MavenExecutionContext.java:177) [org.eclipse.m2e.core_1.10.0.20181127-2120.jar:na]
	at org.eclipse.m2e.core.internal.embedder.MavenExecutionContext.execute(MavenExecutionContext.java:151) [org.eclipse.m2e.core_1.10.0.20181127-2120.jar:na]
	at org.eclipse.m2e.core.internal.embedder.MavenExecutionContext.execute(MavenExecutionContext.java:99) [org.eclipse.m2e.core_1.10.0.20181127-2120.jar:na]
	at org.eclipse.m2e.core.internal.embedder.MavenImpl.execute(MavenImpl.java:1336) [org.eclipse.m2e.core_1.10.0.20181127-2120.jar:na]
	at org.eclipse.m2e.jdt.internal.DownloadSourcesJob.run(DownloadSourcesJob.java:135) [org.eclipse.m2e.jdt_1.10.0.20181127-2120.jar:na]
	at org.eclipse.core.internal.jobs.Worker.run(Worker.java:63) [org.eclipse.core.jobs_3.10.200.v20180912-1356.jar:na]
2022-05-11 20:49:58,672 [Worker-1: Importing Maven projects] INFO  o.e.m.c.i.p.ProjectConfigurationManager - Imported and configured 1 project(s) in 168 sec
2022-05-11 20:51:22,346 [Worker-25: Building workspace] WARN  o.e.m.c.i.embedder.EclipseLogger - Using platform encoding (MS949 actually) to copy filtered resources, i.e. build is platform dependent!
2022-05-11 20:51:22,467 [Worker-25: Building workspace] INFO  o.e.m.c.i.embedder.EclipseLogger - Copying 12 resources
2022-05-11 20:51:24,070 [Worker-25: Building workspace] WARN  o.e.m.c.i.embedder.EclipseLogger - Using platform encoding (MS949 actually) to copy filtered resources, i.e. build is platform dependent!
2022-05-11 20:51:24,080 [Worker-25: Building workspace] INFO  o.e.m.c.i.embedder.EclipseLogger - skip non existing resourceDirectory C:\Users\stuko\git-all-install\git-duna\trinity-new-boot-core\src\test\resources
2022-05-11 20:51:24,151 [Worker-25: Building workspace] WARN  o.e.m.c.i.embedder.EclipseLogger - Using platform encoding (MS949 actually) to copy filtered resources, i.e. build is platform dependent!
2022-05-11 20:51:24,203 [Worker-25: Building workspace] INFO  o.e.m.c.i.embedder.EclipseLogger - Copying 1 resource
2022-05-11 20:51:24,237 [Worker-25: Building workspace] WARN  o.e.m.c.i.embedder.EclipseLogger - Using platform encoding (MS949 actually) to copy filtered resources, i.e. build is platform dependent!
2022-05-11 20:51:24,294 [Worker-25: Building workspace] INFO  o.e.m.c.i.embedder.EclipseLogger - Copying 101 resources
2022-05-11 20:51:25,246 [Worker-25: Building workspace] WARN  o.e.m.c.i.embedder.EclipseLogger - Using platform encoding (MS949 actually) to copy filtered resources, i.e. build is platform dependent!
2022-05-11 20:51:25,263 [Worker-25: Building workspace] INFO  o.e.m.c.i.embedder.EclipseLogger - Copying 12 resources
2022-05-11 20:52:04,806 [Worker-25: Building workspace] INFO  o.e.m.c.i.embedder.EclipseLogger - Using 'UTF-8' encoding to copy filtered resources.
2022-05-11 20:52:04,809 [Worker-25: Building workspace] INFO  o.e.m.c.i.embedder.EclipseLogger - skip non existing resourceDirectory C:\Users\stuko\git-all-install\git-duna\wayd-new-container-telegram-bot\src\main\resources
2022-05-11 20:52:04,822 [Worker-25: Building workspace] INFO  o.e.m.c.i.embedder.EclipseLogger - Not copying test resources
2022-05-11 20:52:04,848 [Worker-25: Building workspace] INFO  o.e.m.c.i.embedder.EclipseLogger - Using 'UTF-8' encoding to copy filtered resources.
2022-05-11 21:06:40,348 [Worker-25: Building workspace] INFO  o.e.m.c.i.embedder.EclipseLogger - Copying 88 resources
2022-05-11 21:06:40,505 [Worker-25: Building workspace] INFO  o.e.m.c.i.embedder.EclipseLogger - Using 'UTF-8' encoding to copy filtered resources.
2022-05-11 21:06:40,509 [Worker-25: Building workspace] INFO  o.e.m.c.i.embedder.EclipseLogger - Copying 149 resources
2022-05-11 21:06:40,607 [Worker-25: Building workspace] INFO  o.e.m.c.i.embedder.EclipseLogger - Using 'UTF-8' encoding to copy filtered resources.
2022-05-11 21:11:07,553 [Worker-25: Building workspace] INFO  o.e.m.c.i.embedder.EclipseLogger - Copying 2 resources
2022-05-11 22:30:11,788 [Worker-41: Building workspace] WARN  o.e.m.c.i.embedder.EclipseLogger - Using platform encoding (MS949 actually) to copy filtered resources, i.e. build is platform dependent!
2022-05-11 22:30:11,818 [Worker-41: Building workspace] INFO  o.e.m.c.i.embedder.EclipseLogger - Copying 12 resources
2022-05-11 22:30:11,865 [Worker-41: Building workspace] WARN  o.e.m.c.i.embedder.EclipseLogger - Using platform encoding (MS949 actually) to copy filtered resources, i.e. build is platform dependent!
2022-05-11 22:30:11,868 [Worker-41: Building workspace] INFO  o.e.m.c.i.embedder.EclipseLogger - skip non existing resourceDirectory C:\Users\stuko\git-all-install\git-duna\trinity-new-boot-core\src\test\resources
2022-05-11 22:30:11,930 [Worker-41: Building workspace] WARN  o.e.m.c.i.embedder.EclipseLogger - Using platform encoding (MS949 actually) to copy filtered resources, i.e. build is platform dependent!
2022-05-11 22:30:12,509 [Worker-41: Building workspace] INFO  o.e.m.c.i.embedder.EclipseLogger - Copying 1 resource
2022-05-11 22:30:12,517 [Worker-41: Building workspace] WARN  o.e.m.c.i.embedder.EclipseLogger - Using platform encoding (MS949 actually) to copy filtered resources, i.e. build is platform dependent!
2022-05-11 22:30:12,572 [Worker-41: Building workspace] INFO  o.e.m.c.i.embedder.EclipseLogger - Copying 101 resources
2022-05-11 22:30:12,683 [Worker-41: Building workspace] WARN  o.e.m.c.i.embedder.EclipseLogger - Using platform encoding (MS949 actually) to copy filtered resources, i.e. build is platform dependent!
2022-05-11 22:30:12,699 [Worker-41: Building workspace] INFO  o.e.m.c.i.embedder.EclipseLogger - Copying 12 resources
2022-05-11 22:30:53,409 [Worker-49: Building workspace] WARN  o.e.m.c.i.embedder.EclipseLogger - Using platform encoding (MS949 actually) to copy filtered resources, i.e. build is platform dependent!
2022-05-11 22:30:53,421 [Worker-49: Building workspace] INFO  o.e.m.c.i.embedder.EclipseLogger - Copying 12 resources
2022-05-11 22:30:53,431 [Worker-49: Building workspace] WARN  o.e.m.c.i.embedder.EclipseLogger - Using platform encoding (MS949 actually) to copy filtered resources, i.e. build is platform dependent!
2022-05-11 22:30:53,433 [Worker-49: Building workspace] INFO  o.e.m.c.i.embedder.EclipseLogger - skip non existing resourceDirectory C:\Users\stuko\git-all-install\git-duna\trinity-new-boot-core\src\test\resources
2022-05-11 22:30:53,437 [Worker-49: Building workspace] WARN  o.e.m.c.i.embedder.EclipseLogger - Using platform encoding (MS949 actually) to copy filtered resources, i.e. build is platform dependent!
2022-05-11 22:30:53,739 [Worker-49: Building workspace] INFO  o.e.m.c.i.embedder.EclipseLogger - Copying 1 resource
2022-05-11 22:30:53,754 [Worker-49: Building workspace] WARN  o.e.m.c.i.embedder.EclipseLogger - Using platform encoding (MS949 actually) to copy filtered resources, i.e. build is platform dependent!
2022-05-11 22:30:53,784 [Worker-49: Building workspace] INFO  o.e.m.c.i.embedder.EclipseLogger - Copying 101 resources
2022-05-11 22:30:53,828 [Worker-49: Building workspace] WARN  o.e.m.c.i.embedder.EclipseLogger - Using platform encoding (MS949 actually) to copy filtered resources, i.e. build is platform dependent!
2022-05-11 22:30:53,835 [Worker-49: Building workspace] INFO  o.e.m.c.i.embedder.EclipseLogger - Copying 12 resources
2022-05-14 10:47:10,025 [Worker-7: Loading available Gradle versions] INFO  o.e.b.c.i.u.g.PublishedGradleVersions - Gradle version information cache is out-of-date. Trying to update.
2022-05-14 10:47:33,470 [ModalContext] ERROR o.e.m.j.i.l.MavenLaunchConfigurationListener - Launch configuration Example references non-existing project gradle-level1.
org.eclipse.core.runtime.CoreException: Launch configuration Example references non-existing project gradle-level1.
	at org.eclipse.jdt.launching.JavaRuntime.abort(JavaRuntime.java:1838) ~[org.eclipse.jdt.launching_3.12.0.v20181119-1621.jar:na]
	at org.eclipse.jdt.launching.JavaRuntime.getJavaProject(JavaRuntime.java:1713) ~[org.eclipse.jdt.launching_3.12.0.v20181119-1621.jar:na]
	at org.eclipse.m2e.jdt.internal.launch.MavenLaunchConfigurationListener.updateLaunchConfiguration(MavenLaunchConfigurationListener.java:53) [org.eclipse.m2e.jdt_1.10.0.20181127-2120.jar:na]
	at org.eclipse.m2e.jdt.internal.launch.MavenLaunchConfigurationListener.launchConfigurationChanged(MavenLaunchConfigurationListener.java:38) [org.eclipse.m2e.jdt_1.10.0.20181127-2120.jar:na]
	at org.eclipse.debug.internal.core.LaunchManager$ConfigurationNotifier.run(LaunchManager.java:225) [org.eclipse.debug.core_3.13.100.v20181201-1650.jar:na]
	at org.eclipse.core.runtime.SafeRunner.run(SafeRunner.java:45) [org.eclipse.equinox.common_3.10.200.v20181021-1645.jar:na]
	at org.eclipse.debug.internal.core.LaunchManager$ConfigurationNotifier.notify(LaunchManager.java:209) [org.eclipse.debug.core_3.13.100.v20181201-1650.jar:na]
	at org.eclipse.debug.internal.core.LaunchManager.launchConfigurationChanged(LaunchManager.java:2151) [org.eclipse.debug.core_3.13.100.v20181201-1650.jar:na]
	at org.eclipse.debug.internal.core.LaunchConfigurationWorkingCopy.writeNewFile(LaunchConfigurationWorkingCopy.java:381) [org.eclipse.debug.core_3.13.100.v20181201-1650.jar:na]
	at org.eclipse.debug.internal.core.LaunchConfigurationWorkingCopy.doSave0(LaunchConfigurationWorkingCopy.java:258) [org.eclipse.debug.core_3.13.100.v20181201-1650.jar:na]
	at org.eclipse.debug.internal.core.LaunchConfigurationWorkingCopy.doSave(LaunchConfigurationWorkingCopy.java:228) [org.eclipse.debug.core_3.13.100.v20181201-1650.jar:na]
	at org.eclipse.debug.internal.core.LaunchConfigurationWorkingCopy.doSave(LaunchConfigurationWorkingCopy.java:186) [org.eclipse.debug.core_3.13.100.v20181201-1650.jar:na]
	at org.eclipse.buildship.core.internal.launch.DefaultExternalLaunchConfigurationManager.updateLaunchConfiguration(DefaultExternalLaunchConfigurationManager.java:154) [org.eclipse.buildship.core_3.0.0.v20181106-1441-m.jar:na]
	at org.eclipse.buildship.core.internal.launch.DefaultExternalLaunchConfigurationManager.removeGradleClasspathProvider(DefaultExternalLaunchConfigurationManager.java:145) [org.eclipse.buildship.core_3.0.0.v20181106-1441-m.jar:na]
	at org.eclipse.buildship.core.internal.launch.DefaultExternalLaunchConfigurationManager.updateClasspathProvider(DefaultExternalLaunchConfigurationManager.java:101) [org.eclipse.buildship.core_3.0.0.v20181106-1441-m.jar:na]
	at org.eclipse.buildship.core.internal.launch.DefaultExternalLaunchConfigurationManager.updateClasspathProviders(DefaultExternalLaunchConfigurationManager.java:73) [org.eclipse.buildship.core_3.0.0.v20181106-1441-m.jar:na]
	at org.eclipse.buildship.core.internal.launch.DefaultExternalLaunchConfigurationManager$LaunchConfigurationListener.onEvent(DefaultExternalLaunchConfigurationManager.java:216) [org.eclipse.buildship.core_3.0.0.v20181106-1441-m.jar:na]
	at org.eclipse.buildship.core.internal.event.DefaultListenerRegistry.dispatch(DefaultListenerRegistry.java:49) [org.eclipse.buildship.core_3.0.0.v20181106-1441-m.jar:na]
	at org.eclipse.buildship.core.internal.workspace.ProjectChangeListener.doVisitDelta(ProjectChangeListener.java:70) [org.eclipse.buildship.core_3.0.0.v20181106-1441-m.jar:na]
	at org.eclipse.buildship.core.internal.workspace.ProjectChangeListener.access$000(ProjectChangeListener.java:32) [org.eclipse.buildship.core_3.0.0.v20181106-1441-m.jar:na]
	at org.eclipse.buildship.core.internal.workspace.ProjectChangeListener$1.visit(ProjectChangeListener.java:55) [org.eclipse.buildship.core_3.0.0.v20181106-1441-m.jar:na]
	at org.eclipse.core.internal.events.ResourceDelta.accept(ResourceDelta.java:67) [org.eclipse.core.resources_3.13.200.v20181121-1020.jar:na]
	at org.eclipse.core.internal.events.ResourceDelta.accept(ResourceDelta.java:77) [org.eclipse.core.resources_3.13.200.v20181121-1020.jar:na]
	at org.eclipse.core.internal.events.ResourceDelta.accept(ResourceDelta.java:51) [org.eclipse.core.resources_3.13.200.v20181121-1020.jar:na]
	at org.eclipse.buildship.core.internal.workspace.ProjectChangeListener.visitDelta(ProjectChangeListener.java:50) [org.eclipse.buildship.core_3.0.0.v20181106-1441-m.jar:na]
	at org.eclipse.buildship.core.internal.workspace.ProjectChangeListener.resourceChanged(ProjectChangeListener.java:42) [org.eclipse.buildship.core_3.0.0.v20181106-1441-m.jar:na]
	at org.eclipse.core.internal.events.NotificationManager$1.run(NotificationManager.java:300) [org.eclipse.core.resources_3.13.200.v20181121-1020.jar:na]
	at org.eclipse.core.runtime.SafeRunner.run(SafeRunner.java:45) [org.eclipse.equinox.common_3.10.200.v20181021-1645.jar:na]
	at org.eclipse.core.internal.events.NotificationManager.notify(NotificationManager.java:290) [org.eclipse.core.resources_3.13.200.v20181121-1020.jar:na]
	at org.eclipse.core.internal.events.NotificationManager.broadcastChanges(NotificationManager.java:153) [org.eclipse.core.resources_3.13.200.v20181121-1020.jar:na]
	at org.eclipse.core.internal.resources.Workspace.broadcastPostChange(Workspace.java:379) [org.eclipse.core.resources_3.13.200.v20181121-1020.jar:na]
	at org.eclipse.core.internal.resources.Workspace.checkpoint(Workspace.java:565) [org.eclipse.core.resources_3.13.200.v20181121-1020.jar:na]
	at org.eclipse.ltk.core.refactoring.PerformChangeOperation$1.run(PerformChangeOperation.java:265) [org.eclipse.ltk.core.refactoring_3.9.200.v20181024-1629.jar:na]
	at org.eclipse.core.internal.resources.Workspace.run(Workspace.java:2295) [org.eclipse.core.resources_3.13.200.v20181121-1020.jar:na]
	at org.eclipse.core.internal.resources.Workspace.run(Workspace.java:2322) [org.eclipse.core.resources_3.13.200.v20181121-1020.jar:na]
	at org.eclipse.ltk.core.refactoring.PerformChangeOperation.executeChange(PerformChangeOperation.java:308) [org.eclipse.ltk.core.refactoring_3.9.200.v20181024-1629.jar:na]
	at org.eclipse.ltk.internal.ui.refactoring.UIPerformChangeOperation.executeChange(UIPerformChangeOperation.java:99) [org.eclipse.ltk.ui.refactoring_3.9.200.v20180828-0626.jar:na]
	at org.eclipse.ltk.core.refactoring.PerformChangeOperation.run(PerformChangeOperation.java:219) [org.eclipse.ltk.core.refactoring_3.9.200.v20181024-1629.jar:na]
	at org.eclipse.core.internal.resources.Workspace.run(Workspace.java:2295) [org.eclipse.core.resources_3.13.200.v20181121-1020.jar:na]
	at org.eclipse.core.internal.resources.Workspace.run(Workspace.java:2322) [org.eclipse.core.resources_3.13.200.v20181121-1020.jar:na]
	at org.eclipse.ltk.internal.ui.refactoring.WorkbenchRunnableAdapter.run(WorkbenchRunnableAdapter.java:89) [org.eclipse.ltk.ui.refactoring_3.9.200.v20180828-0626.jar:na]
	at org.eclipse.jface.operation.ModalContext$ModalContextThread.run(ModalContext.java:122) [org.eclipse.jface_3.15.0.v20181123-1505.jar:na]
2022-05-21 10:13:21,705 [Worker-3: Loading available Gradle versions] INFO  o.e.b.c.i.u.g.PublishedGradleVersions - Gradle version information cache is out-of-date. Trying to update.
2022-05-28 08:23:10,555 [Worker-4: Loading available Gradle versions] INFO  o.e.b.c.i.u.g.PublishedGradleVersions - Gradle version information cache is out-of-date. Trying to update.
2022-05-28 11:08:17,679 [ModalContext] INFO  o.e.m.c.i.e.AbstractTransferListenerAdapter - Downloading https://repo.maven.apache.org/maven2/org/apache/maven/archetypes/maven-archetype-quickstart/1.1/maven-archetype-quickstart-1.1.jar
2022-05-28 11:08:17,947 [ModalContext] INFO  o.e.m.c.i.e.AbstractTransferListenerAdapter - Downloaded https://repo.maven.apache.org/maven2/org/apache/maven/archetypes/maven-archetype-quickstart/1.1/maven-archetype-quickstart-1.1.jar
2022-05-28 11:08:18,127 [ModalContext] INFO  o.e.m.c.i.e.AbstractTransferListenerAdapter - Downloading https://repo.maven.apache.org/maven2/org/apache/maven/archetypes/maven-archetype-quickstart/1.1/maven-archetype-quickstart-1.1.pom
2022-05-28 11:08:18,325 [ModalContext] INFO  o.e.m.c.i.e.AbstractTransferListenerAdapter - Downloaded https://repo.maven.apache.org/maven2/org/apache/maven/archetypes/maven-archetype-quickstart/1.1/maven-archetype-quickstart-1.1.pom
2022-05-28 11:09:56,313 [Worker-44: Creating maven-archetype-quickstart] INFO  o.e.m.c.i.p.ProjectConfigurationManager - Collecting project info '/pom.xml' C:\Users\stuko\workspace-level-1\test1\pom.xml
2022-05-28 11:10:03,569 [Worker-44: Creating maven-archetype-quickstart] INFO  o.e.m.c.i.l.LifecycleMappingFactory - Using org.eclipse.m2e.jdt.JarLifecycleMapping lifecycle mapping for MavenProject: com.mh.learn:test1:0.0.1-SNAPSHOT @ C:\Users\stuko\workspace-level-1\test1\pom.xml.
2022-05-28 11:10:05,343 [Worker-44: Creating maven-archetype-quickstart] INFO  o.e.m.j.i.AbstractJavaProjectConfigurator - Adding source folder /test1/src/main/java
2022-05-28 11:10:05,378 [Worker-44: Creating maven-archetype-quickstart] INFO  o.e.m.j.i.AbstractJavaProjectConfigurator - Adding source folder /test1/src/test/java
2022-05-28 11:10:05,841 [Worker-44: Creating maven-archetype-quickstart] INFO  o.e.m.c.i.p.ProjectConfigurationManager - Imported and configured 1 project(s) in 9 sec
2022-05-28 11:10:06,582 [Worker-44: Building workspace] INFO  o.e.m.c.i.embedder.EclipseLogger - Using 'UTF-8' encoding to copy filtered resources.
2022-05-28 11:10:06,583 [Worker-44: Building workspace] INFO  o.e.m.c.i.embedder.EclipseLogger - skip non existing resourceDirectory C:\Users\stuko\workspace-level-1\test1\src\main\resources
2022-05-28 11:10:06,587 [Worker-44: Building workspace] INFO  o.e.m.c.i.embedder.EclipseLogger - Using 'UTF-8' encoding to copy filtered resources.
2022-05-28 11:10:06,588 [Worker-44: Building workspace] INFO  o.e.m.c.i.embedder.EclipseLogger - skip non existing resourceDirectory C:\Users\stuko\workspace-level-1\test1\src\test\resources
2022-05-28 11:12:28,676 [Worker-46: Building workspace] INFO  o.e.m.c.i.l.LifecycleMappingFactory - Using org.eclipse.m2e.jdt.JarLifecycleMapping lifecycle mapping for MavenProject: com.mh.learn:test1:0.0.1-SNAPSHOT @ C:\Users\stuko\workspace-level-1\test1\pom.xml.
2022-05-28 11:12:29,584 [Worker-46: Building workspace] INFO  o.e.m.c.i.e.AbstractTransferListenerAdapter - Downloading https://repo.maven.apache.org/maven2/com/google/code/gson/gson/2.9.0/gson-2.9.0.pom
2022-05-28 11:12:29,862 [Worker-46: Building workspace] INFO  o.e.m.c.i.e.AbstractTransferListenerAdapter - Downloaded https://repo.maven.apache.org/maven2/com/google/code/gson/gson/2.9.0/gson-2.9.0.pom
2022-05-28 11:12:30,148 [Worker-46: Building workspace] INFO  o.e.m.c.i.e.AbstractTransferListenerAdapter - Downloading https://repo.maven.apache.org/maven2/com/google/code/gson/gson-parent/2.9.0/gson-parent-2.9.0.pom
2022-05-28 11:12:30,349 [Worker-46: Building workspace] INFO  o.e.m.c.i.e.AbstractTransferListenerAdapter - Downloaded https://repo.maven.apache.org/maven2/com/google/code/gson/gson-parent/2.9.0/gson-parent-2.9.0.pom
2022-05-28 11:12:30,589 [Worker-46: Building workspace] INFO  o.e.m.c.i.e.AbstractTransferListenerAdapter - Downloading https://repo.maven.apache.org/maven2/com/google/code/gson/gson/2.9.0/gson-2.9.0.jar
2022-05-28 11:12:31,396 [Worker-46: Building workspace] INFO  o.e.m.c.i.e.AbstractTransferListenerAdapter - Downloaded https://repo.maven.apache.org/maven2/com/google/code/gson/gson/2.9.0/gson-2.9.0.jar
2022-05-28 11:12:32,301 [Worker-46: Building workspace] INFO  o.e.m.c.i.embedder.EclipseLogger - Using 'UTF-8' encoding to copy filtered resources.
2022-05-28 11:12:32,303 [Worker-46: Building workspace] INFO  o.e.m.c.i.embedder.EclipseLogger - skip non existing resourceDirectory C:\Users\stuko\workspace-level-1\test1\src\main\resources
2022-05-28 11:12:32,310 [Worker-46: Building workspace] INFO  o.e.m.c.i.embedder.EclipseLogger - Using 'UTF-8' encoding to copy filtered resources.
2022-05-28 11:12:32,311 [Worker-46: Building workspace] INFO  o.e.m.c.i.embedder.EclipseLogger - skip non existing resourceDirectory C:\Users\stuko\workspace-level-1\test1\src\test\resources
2022-05-28 11:12:33,675 [Worker-47: Building workspace] INFO  o.e.m.c.i.embedder.EclipseLogger - Using 'UTF-8' encoding to copy filtered resources.
2022-05-28 11:12:33,676 [Worker-47: Building workspace] INFO  o.e.m.c.i.embedder.EclipseLogger - skip non existing resourceDirectory C:\Users\stuko\workspace-level-1\test1\src\main\resources
2022-05-28 11:12:33,677 [Worker-47: Building workspace] INFO  o.e.m.c.i.embedder.EclipseLogger - Using 'UTF-8' encoding to copy filtered resources.
2022-05-28 11:12:33,678 [Worker-47: Building workspace] INFO  o.e.m.c.i.embedder.EclipseLogger - skip non existing resourceDirectory C:\Users\stuko\workspace-level-1\test1\src\test\resources
2022-05-28 11:12:34,521 [Worker-45: Download sources and javadoc] INFO  o.e.m.c.i.e.AbstractTransferListenerAdapter - Downloading https://repo.maven.apache.org/maven2/com/google/code/gson/gson/2.9.0/gson-2.9.0-sources.jar
2022-05-28 11:12:35,127 [Worker-45: Download sources and javadoc] INFO  o.e.m.c.i.e.AbstractTransferListenerAdapter - Downloaded https://repo.maven.apache.org/maven2/com/google/code/gson/gson/2.9.0/gson-2.9.0-sources.jar
2022-05-28 11:12:35,274 [Worker-45: Download sources and javadoc] INFO  o.e.m.j.internal.DownloadSourcesJob - Downloaded sources for com.google.code.gson:gson:2.9.0
2022-05-28 11:12:35,595 [Worker-41: Building workspace] INFO  o.e.m.c.i.embedder.EclipseLogger - Using 'UTF-8' encoding to copy filtered resources.
2022-05-28 11:12:35,597 [Worker-41: Building workspace] INFO  o.e.m.c.i.embedder.EclipseLogger - skip non existing resourceDirectory C:\Users\stuko\workspace-level-1\test1\src\main\resources
2022-05-28 11:12:35,600 [Worker-41: Building workspace] INFO  o.e.m.c.i.embedder.EclipseLogger - Using 'UTF-8' encoding to copy filtered resources.
2022-05-28 11:12:35,601 [Worker-41: Building workspace] INFO  o.e.m.c.i.embedder.EclipseLogger - skip non existing resourceDirectory C:\Users\stuko\workspace-level-1\test1\src\test\resources
2022-05-28 11:13:02,487 [Worker-47: Building workspace] INFO  o.e.m.c.i.embedder.EclipseLogger - Using 'UTF-8' encoding to copy filtered resources.
2022-05-28 11:13:02,488 [Worker-47: Building workspace] INFO  o.e.m.c.i.embedder.EclipseLogger - skip non existing resourceDirectory C:\Users\stuko\workspace-level-1\test1\src\main\resources
2022-05-28 11:13:02,497 [Worker-47: Building workspace] INFO  o.e.m.c.i.embedder.EclipseLogger - Using 'UTF-8' encoding to copy filtered resources.
2022-05-28 11:13:02,498 [Worker-47: Building workspace] INFO  o.e.m.c.i.embedder.EclipseLogger - skip non existing resourceDirectory C:\Users\stuko\workspace-level-1\test1\src\test\resources
2022-05-28 11:13:17,104 [main] INFO  o.e.m2e.actions.ExecutePomAction - Creating new launch configuration
2022-05-28 11:13:31,190 [Worker-44: Launching test1] INFO  o.e.m.i.launch.MavenLaunchDelegate - C:\Users\stuko\workspace-level-1\test1
2022-05-28 11:13:31,191 [Worker-44: Launching test1] INFO  o.e.m.i.launch.MavenLaunchDelegate -  mvn -B package
2022-05-28 11:14:14,713 [Worker-45: Rebuilding] INFO  o.e.m.c.i.embedder.EclipseLogger - Using 'UTF-8' encoding to copy filtered resources.
2022-05-28 11:14:14,715 [Worker-45: Rebuilding] INFO  o.e.m.c.i.embedder.EclipseLogger - skip non existing resourceDirectory C:\Users\stuko\workspace-level-1\test1\src\main\resources
2022-05-28 11:14:14,723 [Worker-45: Rebuilding] INFO  o.e.m.c.i.embedder.EclipseLogger - Using 'UTF-8' encoding to copy filtered resources.
2022-05-28 11:14:14,724 [Worker-45: Rebuilding] INFO  o.e.m.c.i.embedder.EclipseLogger - skip non existing resourceDirectory C:\Users\stuko\workspace-level-1\test1\src\test\resources
2022-05-28 11:14:20,080 [Worker-41: Launching test1] INFO  o.e.m.i.launch.MavenLaunchDelegate - C:\Users\stuko\workspace-level-1\test1
2022-05-28 11:14:20,084 [Worker-41: Launching test1] INFO  o.e.m.i.launch.MavenLaunchDelegate -  mvn -B package
